Build started 25.09.2016 22:27:57.
     1>Project "C:\Users\lima9736\Desktop\BattleShip\BattleShips\BattleShip\BattleShip.vcxproj" on node 2 (Build target(s)).
     1>ClCompile:
         C:\Program Files (x86)\VC\bin\CL.exe /c /ZI /nologo /W3 /WX- /sdl /Od /Oy- /D WIN32 /D _DEBUG /D _CONSOLE /D _LIB /D _UNICODE /D UNICODE /Gm /EHsc /RTC1 /MDd /GS /fp:precise /Zc:wchar_t /Zc:forScope /Yu"stdafx.h" /Fp"Debug\BattleShip.pch" /Fo"Debug\\" /Fd"Debug\vc120.pdb" /Gd /TP /analyze- /errorReport:prompt Ship.cpp
         Ship.cpp
     1>c:\users\lima9736\desktop\battleship\battleships\battleship\ship.cpp(67): warning C4018: '<' : signed/unsigned mismatch
     1>c:\users\lima9736\desktop\battleship\battleships\battleship\ship.cpp(97): warning C4018: '<' : signed/unsigned mismatch
       Link:
         C:\Program Files (x86)\VC\bin\link.exe /ERRORREPORT:PROMPT /OUT:"C:\Users\lima9736\Desktop\BattleShip\BattleShips\Debug\BattleShip.exe" /INCREMENTAL /NOLOGO kernel32.lib user32.lib gdi32.lib winspool.lib comdlg32.lib advapi32.lib shell32.lib ole32.lib oleaut32.lib uuid.lib odbc32.lib odbccp32.lib /MANIFEST /MANIFESTUAC:"level='asInvoker' uiAccess='false'" /manifest:embed /DEBUG /PDB:"C:\Users\lima9736\Desktop\BattleShip\BattleShips\Debug\BattleShip.pdb" /SUBSYSTEM:CONSOLE /TLBID:1 /DYNAMICBASE /NXCOMPAT /IMPLIB:"C:\Users\lima9736\Desktop\BattleShip\BattleShips\Debug\BattleShip.lib" /MACHINE:X86 Debug\BattleShip.obj
         Debug\Cell.obj
         Debug\ComputerStrategy.obj
         Debug\Game.obj
         Debug\HumanStrategy.obj
         Debug\OpponentBoard.obj
         Debug\Player.obj
         Debug\PlayerBoard.obj
         Debug\Ship.obj
         Debug\stdafx.obj
         BattleShip.vcxproj -> C:\Users\lima9736\Desktop\BattleShip\BattleShips\Debug\BattleShip.exe
     1>Done Building Project "C:\Users\lima9736\Desktop\BattleShip\BattleShips\BattleShip\BattleShip.vcxproj" (Build target(s)).

Build succeeded.

Time Elapsed 00:00:01.02
