c:\users\lima9736\desktop\battleship\battleships\battleship\debug\battleship.pch
c:\users\lima9736\desktop\battleship\battleships\battleship\debug\vc120.pdb
c:\users\lima9736\desktop\battleship\battleships\battleship\debug\vc120.idb
c:\users\lima9736\desktop\battleship\battleships\battleship\debug\stdafx.obj
c:\users\lima9736\desktop\battleship\battleships\battleship\debug\opponentboard.obj
c:\users\lima9736\desktop\battleship\battleships\battleship\debug\computerstrategy.obj
c:\users\lima9736\desktop\battleship\battleships\battleship\debug\ship.obj
c:\users\lima9736\desktop\battleship\battleships\battleship\debug\game.obj
c:\users\lima9736\desktop\battleship\battleships\battleship\debug\helper.obj
c:\users\lima9736\desktop\battleship\battleships\battleship\debug\humanstrategy.obj
c:\users\lima9736\desktop\battleship\battleships\battleship\debug\playerboard.obj
c:\users\lima9736\desktop\battleship\battleships\battleship\debug\battleship.obj
c:\users\lima9736\desktop\battleship\battleships\battleship\debug\cell.obj
c:\users\lima9736\desktop\battleship\battleships\battleship\debug\player.obj
c:\users\lima9736\desktop\battleship\battleships\battleship\debug\hitboard.obj
c:\users\lima9736\desktop\battleship\battleships\battleship\debug\shipboard.obj
c:\users\lima9736\desktop\battleship\battleships\battleship\debug\board.obj
c:\users\lima9736\desktop\battleship\battleships\battleship\debug\cellproperties.obj
c:\users\lima9736\desktop\battleship\battleships\debug\battleship.ilk
c:\users\lima9736\desktop\battleship\battleships\debug\battleship.exe
c:\users\lima9736\desktop\battleship\battleships\debug\battleship.pdb
c:\users\lima9736\desktop\battleship\battleships\battleship\debug\battleship.tlog\cl.command.1.tlog
c:\users\lima9736\desktop\battleship\battleships\battleship\debug\battleship.tlog\cl.read.1.tlog
c:\users\lima9736\desktop\battleship\battleships\battleship\debug\battleship.tlog\cl.write.1.tlog
c:\users\lima9736\desktop\battleship\battleships\battleship\debug\battleship.tlog\link.command.1.tlog
c:\users\lima9736\desktop\battleship\battleships\battleship\debug\battleship.tlog\link.read.1.tlog
c:\users\lima9736\desktop\battleship\battleships\battleship\debug\battleship.tlog\link.write.1.tlog
